<?xml version="1.0" encoding="UTF-8"?>
<coverage generated="1726753988842" clover="3.2.0">
  <project timestamp="1726753988843" name="All files">
    <metrics statements="61" coveredstatements="61" conditionals="8" coveredconditionals="8" methods="5" coveredmethods="5" elements="74" coveredelements="74" complexity="0" loc="61" ncloc="61" packages="1" files="2" classes="2"/>
    <file name="MemberEntry.js" path="C:\Users\Marc\Dropbox\PC\Documents\Berufsschule\4. Lehrjahr\M450\introduction-jest-experimental\introduction-jest-experimental\src\app\MemberEntry.js">
      <metrics statements="20" coveredstatements="20" conditionals="3" coveredconditionals="3" methods="1" coveredmethods="1"/>
      <line num="1" count="1" type="stmt"/>
      <line num="2" count="1" type="stmt"/>
      <line num="3" count="1" type="cond" truecount="1" falsecount="0"/>
      <line num="4" count="21" type="stmt"/>
      <line num="5" count="21" type="stmt"/>
      <line num="6" count="21" type="stmt"/>
      <line num="7" count="21" type="stmt"/>
      <line num="8" count="21" type="cond" truecount="1" falsecount="0"/>
      <line num="9" count="20" type="stmt"/>
      <line num="10" count="20" type="stmt"/>
      <line num="11" count="20" type="stmt"/>
      <line num="12" count="20" type="stmt"/>
      <line num="13" count="20" type="stmt"/>
      <line num="14" count="20" type="stmt"/>
      <line num="15" count="1" type="cond" truecount="1" falsecount="0"/>
      <line num="16" count="1" type="stmt"/>
      <line num="17" count="21" type="stmt"/>
      <line num="18" count="21" type="stmt"/>
      <line num="19" count="21" type="stmt"/>
      <line num="20" count="21" type="stmt"/>
    </file>
    <file name="page.js" path="C:\Users\Marc\Dropbox\PC\Documents\Berufsschule\4. Lehrjahr\M450\introduction-jest-experimental\introduction-jest-experimental\src\app\page.js">
      <metrics statements="41" coveredstatements="41" conditionals="5" coveredconditionals="5" methods="4" coveredmethods="4"/>
      <line num="1" count="1" type="stmt"/>
      <line num="2" count="1" type="stmt"/>
      <line num="3" count="1" type="stmt"/>
      <line num="4" count="1" type="stmt"/>
      <line num="5" count="1" type="stmt"/>
      <line num="6" count="1" type="cond" truecount="1" falsecount="0"/>
      <line num="7" count="1" type="stmt"/>
      <line num="8" count="1" type="stmt"/>
      <line num="9" count="1" type="stmt"/>
      <line num="10" count="1" type="cond" truecount="1" falsecount="0"/>
      <line num="11" count="1" type="stmt"/>
      <line num="12" count="1" type="stmt"/>
      <line num="13" count="1" type="stmt"/>
      <line num="14" count="1" type="cond" truecount="1" falsecount="0"/>
      <line num="15" count="2" type="stmt"/>
      <line num="16" count="2" type="stmt"/>
      <line num="17" count="2" type="stmt"/>
      <line num="18" count="1" type="stmt"/>
      <line num="19" count="1" type="stmt"/>
      <line num="20" count="1" type="stmt"/>
      <line num="21" count="1" type="stmt"/>
      <line num="22" count="1" type="stmt"/>
      <line num="23" count="1" type="stmt"/>
      <line num="24" count="1" type="stmt"/>
      <line num="25" count="1" type="stmt"/>
      <line num="26" count="1" type="stmt"/>
      <line num="27" count="1" type="cond" truecount="1" falsecount="0"/>
      <line num="28" count="4" type="stmt"/>
      <line num="29" count="4" type="stmt"/>
      <line num="30" count="4" type="stmt"/>
      <line num="31" count="4" type="stmt"/>
      <line num="32" count="4" type="stmt"/>
      <line num="33" count="4" type="cond" truecount="1" falsecount="0"/>
      <line num="34" count="20" type="stmt"/>
      <line num="35" count="20" type="stmt"/>
      <line num="36" count="4" type="stmt"/>
      <line num="37" count="4" type="stmt"/>
      <line num="38" count="4" type="stmt"/>
      <line num="39" count="4" type="stmt"/>
      <line num="40" count="4" type="stmt"/>
      <line num="41" count="4" type="stmt"/>
    </file>
  </project>
</coverage>
