TN:
SF:src\app\MemberEntry.js
FN:3,MemberEntry
FNF:1
FNH:1
FNDA:21,MemberEntry
DA:1,1
DA:2,1
DA:3,1
DA:4,21
DA:5,21
DA:6,21
DA:7,21
DA:8,21
DA:9,20
DA:10,20
DA:11,20
DA:12,20
DA:13,20
DA:14,20
DA:15,1
DA:16,1
DA:17,21
DA:18,21
DA:19,21
DA:20,21
LF:20
LH:20
BRDA:3,0,0,21
BRDA:8,1,0,20
BRDA:15,2,0,1
BRF:3
BRH:3
end_of_record
TN:
SF:src\app\page.js
FN:6,sum
FN:10,substract
FN:14,cloneArray
FN:27,Page
FNF:4
FNH:4
FNDA:1,sum
FNDA:1,substract
FNDA:2,cloneArray
FNDA:4,Page
DA:1,1
DA:2,1
DA:3,1
DA:4,1
DA:5,1
DA:6,1
DA:7,1
DA:8,1
DA:9,1
DA:10,1
DA:11,1
DA:12,1
DA:13,1
DA:14,1
DA:15,2
DA:16,2
DA:17,2
DA:18,1
DA:19,1
DA:20,1
DA:21,1
DA:22,1
DA:23,1
DA:24,1
DA:25,1
DA:26,1
DA:27,1
DA:28,4
DA:29,4
DA:30,4
DA:31,4
DA:32,4
DA:33,4
DA:34,20
DA:35,20
DA:36,4
DA:37,4
DA:38,4
DA:39,4
DA:40,4
DA:41,4
LF:41
LH:41
BRDA:6,0,0,1
BRDA:10,1,0,1
BRDA:14,2,0,2
BRDA:27,3,0,4
BRDA:33,4,0,20
BRF:5
BRH:5
end_of_record
